2021-03-17 22:13:01,902 INFO com.traffic.trafficmonitor.TrafficMonitorApplication [main] Starting TrafficMonitorApplication using Java 1.8.0_222 on cary-VivoBook-ASUSLaptop-X430FA-S430FA with PID 25246 (/home/caroline/dev/repositories/java/TrafficDrones/traffic-monitor/build/classes/java/main started by caroline in /home/caroline/dev/repositories/java/TrafficDrones/traffic-monitor)
2021-03-17 22:13:01,904 INFO com.traffic.trafficmonitor.TrafficMonitorApplication [main] No active profile set, falling back to default profiles: default
2021-03-17 22:30:03,923 INFO com.traffic.trafficmonitor.TrafficMonitorApplication [main] Starting TrafficMonitorApplication using Java 1.8.0_222 on cary-VivoBook-ASUSLaptop-X430FA-S430FA with PID 27807 (/home/caroline/dev/repositories/java/TrafficDrones/traffic-monitor/build/classes/java/main started by caroline in /home/caroline/dev/repositories/java/TrafficDrones/traffic-monitor)
2021-03-17 22:30:03,924 INFO com.traffic.trafficmonitor.TrafficMonitorApplication [main] No active profile set, falling back to default profiles: default
2021-03-17 22:41:03,153 INFO com.traffic.trafficmonitor.TrafficMonitorApplication [main] Starting TrafficMonitorApplication using Java 1.8.0_222 on cary-VivoBook-ASUSLaptop-X430FA-S430FA with PID 29186 (/home/caroline/dev/repositories/java/TrafficDrones/traffic-monitor/build/classes/java/main started by caroline in /home/caroline/dev/repositories/java/TrafficDrones/traffic-monitor)
2021-03-17 22:41:03,155 INFO com.traffic.trafficmonitor.TrafficMonitorApplication [main] No active profile set, falling back to default profiles: default
2021-03-17 22:41:04,348 INFO com.traffic.trafficmonitor.drones.DroneManager [main] [5937] Created bean com.traffic.trafficmonitor.drones.Drone
2021-03-17 22:41:04,348 INFO com.traffic.trafficmonitor.drones.services.DroneService [Thread-2] [5937] Flight Simulation of drone. Waiting for 5000 seconds.
2021-03-17 22:41:04,350 INFO com.traffic.trafficmonitor.drones.DroneManager [main] [6043] Created bean com.traffic.trafficmonitor.drones.Drone
2021-03-17 22:41:04,350 INFO com.traffic.trafficmonitor.drones.services.DroneService [Thread-3] [6043] Flight Simulation of drone. Waiting for 5000 seconds.
2021-03-17 22:41:04,587 INFO com.traffic.trafficmonitor.TrafficMonitorApplication [main] Started TrafficMonitorApplication in 1.638 seconds (JVM running for 1.976)
2021-03-17 22:41:04,728 INFO com.traffic.trafficmonitor.dispatcher.DataLoader [main] Reading Stations from data/tube.csv and Storing to Repository.
2021-03-17 22:41:04,760 INFO com.traffic.trafficmonitor.dispatcher.DataLoader [main] Loading Point from data/5937.csv and Storing to Repository.
2021-03-17 22:41:05,013 INFO com.traffic.trafficmonitor.dispatcher.DataLoader [main] Loading Point from data/6043.csv and Storing to Repository.
2021-03-17 22:41:09,349 INFO com.traffic.trafficmonitor.drones.services.DroneService [Thread-2] [5937] Flight Simulation of drone. Waiting for 5000 seconds.
2021-03-17 22:41:09,351 INFO com.traffic.trafficmonitor.drones.services.DroneService [Thread-3] [6043] Flight Simulation of drone. Waiting for 5000 seconds.
2021-03-17 22:41:14,350 INFO com.traffic.trafficmonitor.drones.services.DroneService [Thread-2] [5937] Flight Simulation of drone. Waiting for 5000 seconds.
2021-03-17 22:41:14,351 INFO com.traffic.trafficmonitor.drones.services.DroneService [Thread-3] [6043] Flight Simulation of drone. Waiting for 5000 seconds.
2021-03-17 22:41:18,805 INFO com.traffic.trafficmonitor.dispatcher.services.DispatcherService [task-1] [5937] Starting to send messages to drone.
2021-03-17 22:41:19,351 INFO com.traffic.trafficmonitor.drones.services.DroneService [Thread-3] [6043] Flight Simulation of drone. Waiting for 5000 seconds.
2021-03-17 22:41:24,352 INFO com.traffic.trafficmonitor.drones.services.DroneService [Thread-3] [6043] Flight Simulation of drone. Waiting for 5000 seconds.
2021-03-17 22:41:29,352 INFO com.traffic.trafficmonitor.drones.services.DroneService [Thread-3] [6043] Flight Simulation of drone. Waiting for 5000 seconds.
2021-03-17 22:41:31,862 INFO com.traffic.trafficmonitor.dispatcher.services.DispatcherService [task-2] [6043] Starting to send messages to drone.
2021-03-17 22:41:31,863 INFO com.traffic.trafficmonitor.TrafficMonitorApplication [main] DRONE DISPATCHER APPLICATION WAS STARTED
2021-03-17 22:41:37,323 INFO com.traffic.trafficmonitor.drones.services.TrafficReporterService [Thread-2] [5937] Time: 2011-03-22T08:55:59.322+01:00 Speed: 231.0 Traffic Conditions: MODERATE Stations: Elephant & Castle
2021-03-17 22:41:54,053 INFO com.traffic.trafficmonitor.drones.services.TrafficReporterService [Thread-3] [6043] Time: 2011-03-22T08:56:16.053+01:00 Speed: 231.0 Traffic Conditions: HEAVY Stations: Embankment
2021-03-17 22:42:30,663 INFO com.traffic.trafficmonitor.drones.services.TrafficReporterService [Thread-3] [6043] Time: 2011-03-22T08:56:52.662+01:00 Speed: 231.0 Traffic Conditions: HEAVY Stations: Westminster
2021-03-17 22:42:49,585 INFO com.traffic.trafficmonitor.drones.services.TrafficReporterService [Thread-2] [5937] Time: 2011-03-22T08:57:11.585+01:00 Speed: 231.0 Traffic Conditions: MODERATE Stations: Southwark
2021-03-17 22:42:59,117 INFO com.traffic.trafficmonitor.drones.services.TrafficReporterService [Thread-2] [5937] Time: 2011-03-22T08:57:21.117+01:00 Speed: 231.0 Traffic Conditions: HEAVY Stations: Elephant & Castle
2021-03-17 22:43:04,200 INFO com.traffic.trafficmonitor.drones.services.TrafficReporterService [Thread-2] [5937] Time: 2011-03-22T08:57:26.199+01:00 Speed: 231.0 Traffic Conditions: HEAVY Stations: Southwark
2021-03-17 22:44:07,397 INFO com.traffic.trafficmonitor.drones.services.TrafficReporterService [Thread-2] [5937] Time: 2011-03-22T08:58:29.397+01:00 Speed: 231.0 Traffic Conditions: LIGHT Stations: Elephant & Castle
2021-03-17 22:44:09,071 INFO com.traffic.trafficmonitor.drones.services.TrafficReporterService [Thread-2] [5937] Time: 2011-03-22T08:58:31.070+01:00 Speed: 231.0 Traffic Conditions: MODERATE Stations: Elephant & Castle
2021-03-17 22:44:22,914 INFO com.traffic.trafficmonitor.drones.services.TrafficReporterService [Thread-2] [5937] Time: 2011-03-22T08:58:44.914+01:00 Speed: 231.0 Traffic Conditions: LIGHT Stations: Southwark
2021-03-17 22:44:30,017 INFO com.traffic.trafficmonitor.drones.services.TrafficReporterService [Thread-3] [6043] Time: 2011-03-22T08:58:52.017+01:00 Speed: 231.0 Traffic Conditions: MODERATE Stations: Temple
2021-03-17 22:44:55,408 INFO com.traffic.trafficmonitor.drones.services.TrafficReporterService [Thread-2] [5937] Time: 2011-03-22T08:59:17.407+01:00 Speed: 231.0 Traffic Conditions: HEAVY Stations: Elephant & Castle
2021-03-17 22:45:19,648 INFO com.traffic.trafficmonitor.drones.services.TrafficReporterService [Thread-3] [6043] Time: 2011-03-22T08:59:41.648+01:00 Speed: 231.0 Traffic Conditions: HEAVY Stations: Embankment
2021-03-17 22:45:23,968 INFO com.traffic.trafficmonitor.drones.services.TrafficReporterService [Thread-3] [6043] Time: 2011-03-22T08:59:45.968+01:00 Speed: 231.0 Traffic Conditions: LIGHT Stations: Temple
2021-03-17 22:45:46,282 INFO com.traffic.trafficmonitor.drones.services.TrafficReporterService [Thread-2] [5937] Time: 2011-03-22T09:00:08.282+01:00 Speed: 231.0 Traffic Conditions: LIGHT Stations: Elephant & Castle
2021-03-17 22:45:52,373 INFO com.traffic.trafficmonitor.drones.services.TrafficReporterService [Thread-2] [5937] Time: 2011-03-22T09:00:14.373+01:00 Speed: 231.0 Traffic Conditions: HEAVY Stations: Blackfriars
2021-03-17 22:46:07,301 INFO com.traffic.trafficmonitor.drones.services.TrafficReporterService [Thread-3] [6043] Time: 2011-03-22T09:00:29.301+01:00 Speed: 231.0 Traffic Conditions: HEAVY Stations: Westminster
2021-03-17 22:46:40,476 INFO com.traffic.trafficmonitor.drones.services.TrafficReporterService [Thread-2] [5937] Time: 2011-03-22T09:01:02.476+01:00 Speed: 231.0 Traffic Conditions: HEAVY Stations: Blackfriars
2021-03-17 22:47:03,325 INFO com.traffic.trafficmonitor.drones.services.TrafficReporterService [Thread-2] [5937] Time: 2011-03-22T09:01:25.325+01:00 Speed: 231.0 Traffic Conditions: HEAVY Stations: Elephant & Castle
2021-03-17 22:47:28,691 INFO com.traffic.trafficmonitor.drones.services.TrafficReporterService [Thread-2] [5937] Time: 2011-03-22T09:01:50.691+01:00 Speed: 231.0 Traffic Conditions: MODERATE Stations: Elephant & Castle
2021-03-17 22:47:40,142 INFO com.traffic.trafficmonitor.drones.services.TrafficReporterService [Thread-2] [5937] Time: 2011-03-22T09:02:02.141+01:00 Speed: 231.0 Traffic Conditions: MODERATE Stations: Elephant & Castle
2021-03-17 22:48:06,720 INFO com.traffic.trafficmonitor.drones.services.TrafficReporterService [Thread-2] [5937] Time: 2011-03-22T09:02:28.720+01:00 Speed: 231.0 Traffic Conditions: LIGHT Stations: Blackfriars
2021-03-17 22:48:16,086 INFO com.traffic.trafficmonitor.TrafficMonitorApplication [main] Starting TrafficMonitorApplication using Java 1.8.0_222 on cary-VivoBook-ASUSLaptop-X430FA-S430FA with PID 29970 (/home/caroline/dev/repositories/java/TrafficDrones/traffic-monitor/build/classes/java/main started by caroline in /home/caroline/dev/repositories/java/TrafficDrones/traffic-monitor)
2021-03-17 22:48:16,088 INFO com.traffic.trafficmonitor.TrafficMonitorApplication [main] No active profile set, falling back to default profiles: default
2021-03-17 22:48:17,370 INFO com.traffic.trafficmonitor.drones.DroneManager [main] [5937] Created bean com.traffic.trafficmonitor.drones.Drone
2021-03-17 22:48:17,370 INFO com.traffic.trafficmonitor.drones.services.DroneService [Thread-2] [5937] Flight Simulation of drone. Waiting for 5000 seconds.
2021-03-17 22:48:17,374 INFO com.traffic.trafficmonitor.drones.DroneManager [main] [6043] Created bean com.traffic.trafficmonitor.drones.Drone
2021-03-17 22:48:17,374 INFO com.traffic.trafficmonitor.drones.services.DroneService [Thread-3] [6043] Flight Simulation of drone. Waiting for 5000 seconds.
2021-03-17 22:48:17,673 INFO com.traffic.trafficmonitor.TrafficMonitorApplication [main] Started TrafficMonitorApplication in 1.791 seconds (JVM running for 2.085)
2021-03-17 22:48:17,855 INFO com.traffic.trafficmonitor.dispatcher.DataLoader [main] Reading Stations from data/tube.csv and Storing to Repository.
2021-03-17 22:48:17,889 INFO com.traffic.trafficmonitor.dispatcher.DataLoader [main] Loading Point from data/5937.csv and Storing to Repository.
2021-03-17 22:48:18,158 INFO com.traffic.trafficmonitor.dispatcher.DataLoader [main] Loading Point from data/6043.csv and Storing to Repository.
2021-03-17 22:48:25,566 INFO com.traffic.trafficmonitor.TrafficMonitorApplication [main] Starting TrafficMonitorApplication using Java 1.8.0_222 on cary-VivoBook-ASUSLaptop-X430FA-S430FA with PID 30142 (/home/caroline/dev/repositories/java/TrafficDrones/traffic-monitor/build/classes/java/main started by caroline in /home/caroline/dev/repositories/java/TrafficDrones/traffic-monitor)
2021-03-17 22:48:25,569 INFO com.traffic.trafficmonitor.TrafficMonitorApplication [main] No active profile set, falling back to default profiles: default
2021-03-17 22:48:27,019 INFO com.traffic.trafficmonitor.drones.DroneManager [main] [5937] Created bean com.traffic.trafficmonitor.drones.Drone
2021-03-17 22:48:27,019 INFO com.traffic.trafficmonitor.drones.services.DroneService [Thread-2] [5937] Flight Simulation of drone. Waiting for 5000 seconds.
2021-03-17 22:48:27,021 INFO com.traffic.trafficmonitor.drones.DroneManager [main] [6043] Created bean com.traffic.trafficmonitor.drones.Drone
2021-03-17 22:48:27,021 INFO com.traffic.trafficmonitor.drones.services.DroneService [Thread-3] [6043] Flight Simulation of drone. Waiting for 5000 seconds.
2021-03-17 22:48:27,357 INFO com.traffic.trafficmonitor.TrafficMonitorApplication [main] Started TrafficMonitorApplication in 2.057 seconds (JVM running for 2.445)
2021-03-17 22:48:48,085 INFO com.traffic.trafficmonitor.drones.services.DroneService [Thread-2] [5937] Flight Simulation of drone. Waiting for 5000 seconds.
2021-03-17 22:48:48,085 INFO com.traffic.trafficmonitor.drones.services.DroneService [Thread-3] [6043] Flight Simulation of drone. Waiting for 5000 seconds.
2021-03-17 22:49:00,321 INFO com.traffic.trafficmonitor.dispatcher.DataLoader [main] Reading Stations from data/tube.csv and Storing to Repository.
2021-03-17 22:49:00,321 INFO com.traffic.trafficmonitor.drones.services.DroneService [Thread-3] [6043] Flight Simulation of drone. Waiting for 5000 seconds.
2021-03-17 22:49:00,321 INFO com.traffic.trafficmonitor.drones.services.DroneService [Thread-2] [5937] Flight Simulation of drone. Waiting for 5000 seconds.
2021-03-17 22:49:00,393 INFO com.traffic.trafficmonitor.dispatcher.DataLoader [main] Loading Point from data/5937.csv and Storing to Repository.
2021-03-17 22:49:00,681 INFO com.traffic.trafficmonitor.dispatcher.DataLoader [main] Loading Point from data/6043.csv and Storing to Repository.
2021-03-17 22:49:05,322 INFO com.traffic.trafficmonitor.drones.services.DroneService [Thread-3] [6043] Flight Simulation of drone. Waiting for 5000 seconds.
2021-03-17 22:49:05,323 INFO com.traffic.trafficmonitor.drones.services.DroneService [Thread-2] [5937] Flight Simulation of drone. Waiting for 5000 seconds.
2021-03-17 22:49:10,323 INFO com.traffic.trafficmonitor.drones.services.DroneService [Thread-3] [6043] Flight Simulation of drone. Waiting for 5000 seconds.
2021-03-17 22:49:10,323 INFO com.traffic.trafficmonitor.drones.services.DroneService [Thread-2] [5937] Flight Simulation of drone. Waiting for 5000 seconds.
2021-03-17 22:49:15,323 INFO com.traffic.trafficmonitor.drones.services.DroneService [Thread-3] [6043] Flight Simulation of drone. Waiting for 5000 seconds.
2021-03-17 22:49:15,323 INFO com.traffic.trafficmonitor.drones.services.DroneService [Thread-2] [5937] Flight Simulation of drone. Waiting for 5000 seconds.
2021-03-17 22:49:15,335 INFO com.traffic.trafficmonitor.dispatcher.services.DispatcherService [task-1] [5937] Starting to send messages to drone.
2021-03-17 22:49:20,324 INFO com.traffic.trafficmonitor.drones.services.DroneService [Thread-3] [6043] Flight Simulation of drone. Waiting for 5000 seconds.
2021-03-17 22:49:25,324 INFO com.traffic.trafficmonitor.drones.services.DroneService [Thread-3] [6043] Flight Simulation of drone. Waiting for 5000 seconds.
2021-03-17 22:49:29,709 INFO com.traffic.trafficmonitor.dispatcher.services.DispatcherService [task-2] [6043] Starting to send messages to drone.
2021-03-17 22:49:29,710 INFO com.traffic.trafficmonitor.TrafficMonitorApplication [main] DRONE DISPATCHER APPLICATION WAS STARTED
2021-03-17 22:49:45,737 INFO com.traffic.trafficmonitor.drones.services.TrafficReporterService [Thread-2] [5937] Time: 2011-03-22T08:56:44.736+01:00 Speed: 231.0 Traffic Conditions: MODERATE Stations: Elephant & Castle
2021-03-17 22:49:49,843 INFO com.traffic.trafficmonitor.drones.services.TrafficReporterService [Thread-2] [5937] Time: 2011-03-22T08:56:48.843+01:00 Speed: 231.0 Traffic Conditions: MODERATE Stations: Elephant & Castle
2021-03-17 22:49:57,313 INFO com.traffic.trafficmonitor.drones.services.TrafficReporterService [Thread-2] [5937] Time: 2011-03-22T08:56:56.313+01:00 Speed: 231.0 Traffic Conditions: MODERATE Stations: Blackfriars
2021-03-17 22:49:58,933 INFO com.traffic.trafficmonitor.drones.services.TrafficReporterService [Thread-2] [5937] Time: 2011-03-22T08:56:57.933+01:00 Speed: 231.0 Traffic Conditions: MODERATE Stations: Southwark
2021-03-17 22:50:21,358 INFO com.traffic.trafficmonitor.drones.services.TrafficReporterService [Thread-2] [5937] Time: 2011-03-22T08:57:20.358+01:00 Speed: 231.0 Traffic Conditions: MODERATE Stations: Elephant & Castle
2021-03-17 22:50:22,806 INFO com.traffic.trafficmonitor.drones.services.TrafficReporterService [Thread-3] [6043] Time: 2011-03-22T08:57:21.806+01:00 Speed: 231.0 Traffic Conditions: HEAVY Stations: Embankment
2021-03-17 22:50:27,309 INFO com.traffic.trafficmonitor.drones.services.TrafficReporterService [Thread-2] [5937] Time: 2011-03-22T08:57:26.309+01:00 Speed: 231.0 Traffic Conditions: MODERATE Stations: Southwark
2021-03-17 22:50:32,804 INFO com.traffic.trafficmonitor.drones.services.TrafficReporterService [Thread-2] [5937] Time: 2011-03-22T08:57:31.804+01:00 Speed: 231.0 Traffic Conditions: LIGHT Stations: Elephant & Castle
2021-03-17 22:50:47,618 INFO com.traffic.trafficmonitor.drones.services.TrafficReporterService [Thread-2] [5937] Time: 2011-03-22T08:57:46.618+01:00 Speed: 231.0 Traffic Conditions: MODERATE Stations: Southwark
2021-03-17 22:51:03,838 INFO com.traffic.trafficmonitor.drones.services.TrafficReporterService [Thread-2] [5937] Time: 2011-03-22T08:58:02.838+01:00 Speed: 231.0 Traffic Conditions: HEAVY Stations: Southwark
2021-03-17 22:51:05,677 INFO com.traffic.trafficmonitor.drones.services.TrafficReporterService [Thread-2] [5937] Time: 2011-03-22T08:58:04.677+01:00 Speed: 231.0 Traffic Conditions: LIGHT Stations: Southwark
2021-03-17 22:51:21,810 INFO com.traffic.trafficmonitor.drones.services.TrafficReporterService [Thread-3] [6043] Time: 2011-03-22T08:58:20.810+01:00 Speed: 231.0 Traffic Conditions: LIGHT Stations: Embankment
2021-03-17 22:51:29,921 INFO com.traffic.trafficmonitor.drones.services.TrafficReporterService [Thread-2] [5937] Time: 2011-03-22T08:58:28.921+01:00 Speed: 231.0 Traffic Conditions: LIGHT Stations: Southwark
2021-03-17 22:51:33,913 INFO com.traffic.trafficmonitor.drones.services.TrafficReporterService [Thread-2] [5937] Time: 2011-03-22T08:58:32.913+01:00 Speed: 231.0 Traffic Conditions: MODERATE Stations: Elephant & Castle
2021-03-17 22:51:42,259 INFO com.traffic.trafficmonitor.drones.services.TrafficReporterService [Thread-2] [5937] Time: 2011-03-22T08:58:41.259+01:00 Speed: 231.0 Traffic Conditions: LIGHT Stations: Elephant & Castle
2021-03-17 22:51:53,187 INFO com.traffic.trafficmonitor.drones.services.TrafficReporterService [Thread-2] [5937] Time: 2011-03-22T08:58:52.187+01:00 Speed: 231.0 Traffic Conditions: LIGHT Stations: Elephant & Castle
2021-03-17 22:52:12,097 INFO com.traffic.trafficmonitor.drones.services.TrafficReporterService [Thread-2] [5937] Time: 2011-03-22T08:59:11.097+01:00 Speed: 231.0 Traffic Conditions: LIGHT Stations: Blackfriars
2021-03-17 22:52:42,878 INFO com.traffic.trafficmonitor.drones.services.TrafficReporterService [Thread-2] [5937] Time: 2011-03-22T08:59:41.877+01:00 Speed: 231.0 Traffic Conditions: LIGHT Stations: Southwark
2021-03-17 22:52:48,699 INFO com.traffic.trafficmonitor.drones.services.TrafficReporterService [Thread-2] [5937] Time: 2011-03-22T08:59:47.699+01:00 Speed: 231.0 Traffic Conditions: HEAVY Stations: Southwark
2021-03-17 22:53:32,818 INFO com.traffic.trafficmonitor.drones.services.TrafficReporterService [Thread-2] [5937] Time: 2011-03-22T09:00:31.817+01:00 Speed: 231.0 Traffic Conditions: LIGHT Stations: Southwark
2021-03-17 22:54:01,637 INFO com.traffic.trafficmonitor.drones.services.TrafficReporterService [Thread-3] [6043] Time: 2011-03-22T09:01:00.637+01:00 Speed: 231.0 Traffic Conditions: HEAVY Stations: Westminster
2021-03-17 22:54:04,081 INFO com.traffic.trafficmonitor.drones.services.TrafficReporterService [Thread-3] [6043] Time: 2011-03-22T09:01:03.081+01:00 Speed: 231.0 Traffic Conditions: LIGHT Stations: Embankment
2021-03-17 22:54:25,064 INFO com.traffic.trafficmonitor.drones.services.TrafficReporterService [Thread-2] [5937] Time: 2011-03-22T09:01:24.064+01:00 Speed: 231.0 Traffic Conditions: LIGHT Stations: Elephant & Castle
2021-03-17 22:54:38,977 INFO com.traffic.trafficmonitor.drones.services.TrafficReporterService [Thread-3] [6043] Time: 2011-03-22T09:01:37.977+01:00 Speed: 231.0 Traffic Conditions: MODERATE Stations: Embankment
2021-03-17 22:54:59,089 INFO com.traffic.trafficmonitor.drones.services.TrafficReporterService [Thread-2] [5937] Time: 2011-03-22T09:01:58.088+01:00 Speed: 231.0 Traffic Conditions: MODERATE Stations: Blackfriars
2021-03-17 22:55:07,203 INFO com.traffic.trafficmonitor.drones.services.TrafficReporterService [Thread-2] [5937] Time: 2011-03-22T09:02:06.203+01:00 Speed: 231.0 Traffic Conditions: MODERATE Stations: Elephant & Castle
2021-03-17 22:55:07,816 INFO com.traffic.trafficmonitor.TrafficMonitorApplication [main] Starting TrafficMonitorApplication using Java 1.8.0_222 on cary-VivoBook-ASUSLaptop-X430FA-S430FA with PID 30866 (/home/caroline/dev/repositories/java/TrafficDrones/traffic-monitor/build/classes/java/main started by caroline in /home/caroline/dev/repositories/java/TrafficDrones/traffic-monitor)
2021-03-17 22:55:07,818 INFO com.traffic.trafficmonitor.TrafficMonitorApplication [main] No active profile set, falling back to default profiles: default
2021-03-17 22:55:09,246 INFO com.traffic.trafficmonitor.drones.DroneManager [main] [5937] Created bean com.traffic.trafficmonitor.drones.Drone
2021-03-17 22:55:09,247 INFO com.traffic.trafficmonitor.drones.services.DroneService [Thread-2] [5937] Flight Simulation of drone. Waiting for 5000 seconds.
2021-03-17 22:55:09,249 INFO com.traffic.trafficmonitor.drones.services.DroneService [Thread-3] [6043] Flight Simulation of drone. Waiting for 5000 seconds.
2021-03-17 22:55:09,249 INFO com.traffic.trafficmonitor.drones.DroneManager [main] [6043] Created bean com.traffic.trafficmonitor.drones.Drone
2021-03-17 22:55:14,248 INFO com.traffic.trafficmonitor.drones.services.DroneService [Thread-2] [5937] Flight Simulation of drone. Waiting for 5000 seconds.
2021-03-17 22:55:14,249 INFO com.traffic.trafficmonitor.drones.services.DroneService [Thread-3] [6043] Flight Simulation of drone. Waiting for 5000 seconds.
2021-03-17 22:55:32,746 INFO com.traffic.trafficmonitor.drones.services.TrafficReporterService [Thread-3] [6043] Time: 2011-03-22T09:02:31.746+01:00 Speed: 231.0 Traffic Conditions: LIGHT Stations: Embankment
2021-03-17 22:55:33,220 INFO com.traffic.trafficmonitor.TrafficMonitorApplication [main] Starting TrafficMonitorApplication using Java 1.8.0_222 on cary-VivoBook-ASUSLaptop-X430FA-S430FA with PID 31012 (/home/caroline/dev/repositories/java/TrafficDrones/traffic-monitor/build/classes/java/main started by caroline in /home/caroline/dev/repositories/java/TrafficDrones/traffic-monitor)
2021-03-17 22:55:33,222 INFO com.traffic.trafficmonitor.TrafficMonitorApplication [main] No active profile set, falling back to default profiles: default
2021-03-17 22:55:34,677 INFO com.traffic.trafficmonitor.drones.services.DroneService [Thread-2] [5937] Flight Simulation of drone. Waiting for 5000 seconds.
2021-03-17 22:55:34,677 INFO com.traffic.trafficmonitor.drones.DroneManager [main] [5937] Created bean com.traffic.trafficmonitor.drones.Drone
2021-03-17 22:55:34,679 INFO com.traffic.trafficmonitor.drones.DroneManager [main] [6043] Created bean com.traffic.trafficmonitor.drones.Drone
2021-03-17 22:55:34,679 INFO com.traffic.trafficmonitor.drones.services.DroneService [Thread-3] [6043] Flight Simulation of drone. Waiting for 5000 seconds.
2021-03-17 22:55:39,678 INFO com.traffic.trafficmonitor.drones.services.DroneService [Thread-2] [5937] Flight Simulation of drone. Waiting for 5000 seconds.
2021-03-17 22:55:39,680 INFO com.traffic.trafficmonitor.drones.services.DroneService [Thread-3] [6043] Flight Simulation of drone. Waiting for 5000 seconds.
2021-03-17 22:55:44,611 INFO com.traffic.trafficmonitor.drones.services.TrafficReporterService [Thread-2] [5937] Time: 2011-03-22T09:02:43.611+01:00 Speed: 231.0 Traffic Conditions: HEAVY Stations: Southwark
2021-03-17 22:55:44,679 INFO com.traffic.trafficmonitor.drones.services.DroneService [Thread-2] [5937] Flight Simulation of drone. Waiting for 5000 seconds.
2021-03-17 22:55:44,680 INFO com.traffic.trafficmonitor.drones.services.DroneService [Thread-3] [6043] Flight Simulation of drone. Waiting for 5000 seconds.
2021-03-17 22:55:46,822 INFO com.traffic.trafficmonitor.drones.services.TrafficReporterService [Thread-2] [5937] Time: 2011-03-22T09:02:45.822+01:00 Speed: 231.0 Traffic Conditions: LIGHT Stations: Blackfriars
2021-03-17 22:55:54,069 INFO com.traffic.trafficmonitor.drones.services.TrafficReporterService [Thread-2] [5937] Time: 2011-03-22T09:02:53.069+01:00 Speed: 231.0 Traffic Conditions: HEAVY Stations: Elephant & Castle
2021-03-17 22:57:12,682 INFO com.traffic.trafficmonitor.TrafficMonitorApplication [main] Starting TrafficMonitorApplication using Java 1.8.0_222 on cary-VivoBook-ASUSLaptop-X430FA-S430FA with PID 31335 (/home/caroline/dev/repositories/java/TrafficDrones/traffic-monitor/build/classes/java/main started by caroline in /home/caroline/dev/repositories/java/TrafficDrones/traffic-monitor)
2021-03-17 22:57:12,684 INFO com.traffic.trafficmonitor.TrafficMonitorApplication [main] No active profile set, falling back to default profiles: default
2021-03-17 22:57:14,126 INFO com.traffic.trafficmonitor.drones.DroneManager [main] [5937] Created bean com.traffic.trafficmonitor.drones.Drone
2021-03-17 22:57:14,127 INFO com.traffic.trafficmonitor.drones.services.DroneService [Thread-2] [5937] Flight Simulation of drone. Waiting for 5000 seconds.
2021-03-17 22:57:14,129 INFO com.traffic.trafficmonitor.drones.DroneManager [main] [6043] Created bean com.traffic.trafficmonitor.drones.Drone
2021-03-17 22:57:14,129 INFO com.traffic.trafficmonitor.drones.services.DroneService [Thread-3] [6043] Flight Simulation of drone. Waiting for 5000 seconds.
2021-03-17 22:57:14,425 INFO com.traffic.trafficmonitor.TrafficMonitorApplication [main] Started TrafficMonitorApplication in 2.005 seconds (JVM running for 2.343)
2021-03-17 22:57:32,579 INFO com.traffic.trafficmonitor.drones.services.DroneService [Thread-3] [6043] Flight Simulation of drone. Waiting for 5000 seconds.
2021-03-17 22:57:32,579 INFO com.traffic.trafficmonitor.drones.services.DroneService [Thread-2] [5937] Flight Simulation of drone. Waiting for 5000 seconds.
2021-03-17 22:57:39,462 INFO com.traffic.trafficmonitor.drones.services.DroneService [Thread-2] [5937] Flight Simulation of drone. Waiting for 5000 seconds.
2021-03-17 22:57:39,462 INFO com.traffic.trafficmonitor.drones.services.DroneService [Thread-3] [6043] Flight Simulation of drone. Waiting for 5000 seconds.
2021-03-17 22:57:47,371 INFO com.traffic.trafficmonitor.drones.services.DroneService [Thread-3] [6043] Flight Simulation of drone. Waiting for 5000 seconds.
2021-03-17 22:57:47,371 INFO com.traffic.trafficmonitor.drones.services.DroneService [Thread-2] [5937] Flight Simulation of drone. Waiting for 5000 seconds.
2021-03-17 22:57:47,372 INFO com.traffic.trafficmonitor.dispatcher.DataLoader [main] Reading Stations from data/tube.csv and Storing to Repository.
2021-03-17 22:57:47,439 INFO com.traffic.trafficmonitor.dispatcher.DataLoader [main] Loading Point from data/5937.csv and Storing to Repository.
2021-03-17 22:57:47,701 INFO com.traffic.trafficmonitor.dispatcher.DataLoader [main] Loading Point from data/6043.csv and Storing to Repository.
2021-03-17 22:57:52,372 INFO com.traffic.trafficmonitor.drones.services.DroneService [Thread-3] [6043] Flight Simulation of drone. Waiting for 5000 seconds.
2021-03-17 22:57:52,372 INFO com.traffic.trafficmonitor.drones.services.DroneService [Thread-2] [5937] Flight Simulation of drone. Waiting for 5000 seconds.
2021-03-17 22:57:57,372 INFO com.traffic.trafficmonitor.drones.services.DroneService [Thread-2] [5937] Flight Simulation of drone. Waiting for 5000 seconds.
2021-03-17 22:57:57,372 INFO com.traffic.trafficmonitor.drones.services.DroneService [Thread-3] [6043] Flight Simulation of drone. Waiting for 5000 seconds.
2021-03-17 22:58:02,374 INFO com.traffic.trafficmonitor.drones.services.DroneService [Thread-2] [5937] Flight Simulation of drone. Waiting for 5000 seconds.
2021-03-17 22:58:02,374 INFO com.traffic.trafficmonitor.drones.services.DroneService [Thread-3] [6043] Flight Simulation of drone. Waiting for 5000 seconds.
2021-03-17 22:58:04,294 INFO com.traffic.trafficmonitor.dispatcher.services.DispatcherService [task-1] [5937] Starting to send messages to drone.
2021-03-17 22:58:07,374 INFO com.traffic.trafficmonitor.drones.services.DroneService [Thread-3] [6043] Flight Simulation of drone. Waiting for 5000 seconds.
2021-03-17 22:58:12,375 INFO com.traffic.trafficmonitor.drones.services.DroneService [Thread-3] [6043] Flight Simulation of drone. Waiting for 5000 seconds.
2021-03-17 22:58:17,375 INFO com.traffic.trafficmonitor.drones.services.DroneService [Thread-3] [6043] Flight Simulation of drone. Waiting for 5000 seconds.
2021-03-17 22:58:19,152 INFO com.traffic.trafficmonitor.dispatcher.services.DispatcherService [task-2] [6043] Starting to send messages to drone.
2021-03-17 22:58:19,153 INFO com.traffic.trafficmonitor.TrafficMonitorApplication [main] DRONE DISPATCHER APPLICATION WAS STARTED
2021-03-17 22:58:32,797 INFO com.traffic.trafficmonitor.drones.services.TrafficReporterService [Thread-2] [5937] Time: 2011-03-22T08:56:44.796+01:00 Speed: 231.0 Traffic Conditions: MODERATE Stations: Elephant & Castle
2021-03-17 22:58:36,900 INFO com.traffic.trafficmonitor.drones.services.TrafficReporterService [Thread-2] [5937] Time: 2011-03-22T08:56:48.900+01:00 Speed: 231.0 Traffic Conditions: HEAVY Stations: Elephant & Castle
2021-03-17 22:58:44,371 INFO com.traffic.trafficmonitor.drones.services.TrafficReporterService [Thread-2] [5937] Time: 2011-03-22T08:56:56.371+01:00 Speed: 231.0 Traffic Conditions: HEAVY Stations: Blackfriars
2021-03-17 22:58:45,991 INFO com.traffic.trafficmonitor.drones.services.TrafficReporterService [Thread-2] [5937] Time: 2011-03-22T08:56:57.991+01:00 Speed: 231.0 Traffic Conditions: HEAVY Stations: Southwark
2021-03-17 22:59:08,421 INFO com.traffic.trafficmonitor.drones.services.TrafficReporterService [Thread-2] [5937] Time: 2011-03-22T08:57:20.421+01:00 Speed: 231.0 Traffic Conditions: HEAVY Stations: Elephant & Castle
2021-03-17 22:59:14,325 INFO com.traffic.trafficmonitor.drones.services.TrafficReporterService [Thread-2] [5937] Time: 2011-03-22T08:57:26.325+01:00 Speed: 231.0 Traffic Conditions: MODERATE Stations: Southwark
2021-03-17 22:59:14,857 INFO com.traffic.trafficmonitor.drones.services.TrafficReporterService [Thread-3] [6043] Time: 2011-03-22T08:57:26.856+01:00 Speed: 231.0 Traffic Conditions: MODERATE Stations: Embankment
2021-03-17 22:59:19,823 INFO com.traffic.trafficmonitor.drones.services.TrafficReporterService [Thread-2] [5937] Time: 2011-03-22T08:57:31.823+01:00 Speed: 231.0 Traffic Conditions: LIGHT Stations: Elephant & Castle
2021-03-17 22:59:34,635 INFO com.traffic.trafficmonitor.drones.services.TrafficReporterService [Thread-2] [5937] Time: 2011-03-22T08:57:46.635+01:00 Speed: 231.0 Traffic Conditions: MODERATE Stations: Southwark
2021-03-17 22:59:50,852 INFO com.traffic.trafficmonitor.drones.services.TrafficReporterService [Thread-2] [5937] Time: 2011-03-22T08:58:02.851+01:00 Speed: 231.0 Traffic Conditions: MODERATE Stations: Southwark
2021-03-17 22:59:52,689 INFO com.traffic.trafficmonitor.drones.services.TrafficReporterService [Thread-2] [5937] Time: 2011-03-22T08:58:04.689+01:00 Speed: 231.0 Traffic Conditions: LIGHT Stations: Southwark
2021-03-17 23:00:13,867 INFO com.traffic.trafficmonitor.drones.services.TrafficReporterService [Thread-3] [6043] Time: 2011-03-22T08:58:25.866+01:00 Speed: 231.0 Traffic Conditions: LIGHT Stations: Embankment
2021-03-17 23:00:16,936 INFO com.traffic.trafficmonitor.drones.services.TrafficReporterService [Thread-2] [5937] Time: 2011-03-22T08:58:28.936+01:00 Speed: 231.0 Traffic Conditions: HEAVY Stations: Southwark
2021-03-17 23:00:20,925 INFO com.traffic.trafficmonitor.drones.services.TrafficReporterService [Thread-2] [5937] Time: 2011-03-22T08:58:32.925+01:00 Speed: 231.0 Traffic Conditions: LIGHT Stations: Elephant & Castle
2021-03-17 23:00:29,275 INFO com.traffic.trafficmonitor.drones.services.TrafficReporterService [Thread-2] [5937] Time: 2011-03-22T08:58:41.275+01:00 Speed: 231.0 Traffic Conditions: MODERATE Stations: Elephant & Castle
2021-03-17 23:00:46,220 INFO com.traffic.trafficmonitor.TrafficMonitorApplication [main] Starting TrafficMonitorApplication using Java 1.8.0_222 on cary-VivoBook-ASUSLaptop-X430FA-S430FA with PID 31765 (/home/caroline/dev/repositories/java/TrafficDrones/traffic-monitor/build/classes/java/main started by caroline in /home/caroline/dev/repositories/java/TrafficDrones/traffic-monitor)
2021-03-17 23:00:46,222 INFO com.traffic.trafficmonitor.TrafficMonitorApplication [main] No active profile set, falling back to default profiles: default
2021-03-17 23:03:14,005 INFO com.traffic.trafficmonitor.TrafficMonitorApplication [main] Starting TrafficMonitorApplication using Java 1.8.0_222 on cary-VivoBook-ASUSLaptop-X430FA-S430FA with PID 32156 (/home/caroline/dev/repositories/java/TrafficDrones/traffic-monitor/build/classes/java/main started by caroline in /home/caroline/dev/repositories/java/TrafficDrones/traffic-monitor)
2021-03-17 23:03:14,007 INFO com.traffic.trafficmonitor.TrafficMonitorApplication [main] No active profile set, falling back to default profiles: default
2021-03-17 23:05:34,171 INFO com.traffic.trafficmonitor.TrafficMonitorApplication [main] Starting TrafficMonitorApplication using Java 1.8.0_222 on cary-VivoBook-ASUSLaptop-X430FA-S430FA with PID 32407 (/home/caroline/dev/repositories/java/TrafficDrones/traffic-monitor/build/classes/java/main started by caroline in /home/caroline/dev/repositories/java/TrafficDrones/traffic-monitor)
2021-03-17 23:05:34,172 INFO com.traffic.trafficmonitor.TrafficMonitorApplication [main] No active profile set, falling back to default profiles: default
2021-03-17 23:05:35,375 INFO com.traffic.trafficmonitor.drones.services.DroneService [Thread-2] [5937] Flight Simulation of drone. Waiting for 5000 seconds.
2021-03-17 23:05:35,374 INFO com.traffic.trafficmonitor.drones.DroneManager [main] [5937] Created bean com.traffic.trafficmonitor.drones.Drone
2021-03-17 23:05:35,377 INFO com.traffic.trafficmonitor.drones.DroneManager [main] [6043] Created bean com.traffic.trafficmonitor.drones.Drone
2021-03-17 23:05:35,377 INFO com.traffic.trafficmonitor.drones.services.DroneService [Thread-3] [6043] Flight Simulation of drone. Waiting for 5000 seconds.
2021-03-17 23:05:35,621 INFO com.traffic.trafficmonitor.TrafficMonitorApplication [main] Started TrafficMonitorApplication in 1.665 seconds (JVM running for 1.973)
2021-03-17 23:05:36,654 INFO com.traffic.trafficmonitor.dispatcher.DataLoader [main] Reading Stations from data/tube.csv and Storing to Repository.
2021-03-17 23:05:36,684 INFO com.traffic.trafficmonitor.dispatcher.DataLoader [main] Loading Point from data/5937.csv and Storing to Repository.
2021-03-17 23:05:36,839 INFO com.traffic.trafficmonitor.dispatcher.DataLoader [main] Loading Point from data/6043.csv and Storing to Repository.
2021-03-17 23:05:38,629 INFO com.traffic.trafficmonitor.dispatcher.services.DispatcherService [task-1] [5937] Starting to send messages to drone.
2021-03-17 23:05:38,931 INFO com.traffic.trafficmonitor.dispatcher.services.DispatcherService [task-2] [6043] Starting to send messages to drone.
2021-03-17 23:05:38,932 INFO com.traffic.trafficmonitor.TrafficMonitorApplication [main] DRONE DISPATCHER APPLICATION WAS STARTED
2021-03-17 23:05:41,192 INFO com.traffic.trafficmonitor.drones.services.TrafficReporterService [Thread-2] [5937] Time: 2011-03-22T08:55:32.190+01:00 Speed: 231.0 Traffic Conditions: LIGHT Stations: Elephant & Castle
2021-03-17 23:05:47,289 INFO com.traffic.trafficmonitor.drones.services.TrafficReporterService [Thread-3] [6043] Time: 2011-03-22T08:55:38.288+01:00 Speed: 231.0 Traffic Conditions: LIGHT Stations: Westminster
2021-03-17 23:05:52,798 INFO com.traffic.trafficmonitor.drones.services.TrafficReporterService [Thread-2] [5937] Time: 2011-03-22T08:55:43.798+01:00 Speed: 231.0 Traffic Conditions: HEAVY Stations: Southwark
2021-03-17 23:05:53,018 INFO com.traffic.trafficmonitor.drones.services.TrafficReporterService [Thread-2] [5937] Time: 2011-03-22T08:55:44.018+01:00 Speed: 231.0 Traffic Conditions: MODERATE Stations: Southwark
2021-03-17 23:05:59,574 INFO com.traffic.trafficmonitor.drones.services.TrafficReporterService [Thread-2] [5937] Time: 2011-03-22T08:55:50.574+01:00 Speed: 231.0 Traffic Conditions: LIGHT Stations: Elephant & Castle
2021-03-17 23:05:59,898 INFO com.traffic.trafficmonitor.drones.services.TrafficReporterService [Thread-2] [5937] Time: 2011-03-22T08:55:50.898+01:00 Speed: 231.0 Traffic Conditions: LIGHT Stations: Elephant & Castle
2021-03-17 23:06:08,470 INFO com.traffic.trafficmonitor.drones.services.TrafficReporterService [Thread-2] [5937] Time: 2011-03-22T08:55:59.470+01:00 Speed: 231.0 Traffic Conditions: MODERATE Stations: Blackfriars
2021-03-17 23:06:14,318 INFO com.traffic.trafficmonitor.drones.services.TrafficReporterService [Thread-2] [5937] Time: 2011-03-22T08:56:05.318+01:00 Speed: 231.0 Traffic Conditions: LIGHT Stations: Elephant & Castle
2021-03-17 23:06:36,131 INFO com.traffic.trafficmonitor.drones.services.TrafficReporterService [Thread-3] [6043] Time: 2011-03-22T08:56:27.131+01:00 Speed: 231.0 Traffic Conditions: MODERATE Stations: Westminster
2021-03-17 23:07:15,883 INFO com.traffic.trafficmonitor.drones.services.TrafficReporterService [Thread-3] [6043] Time: 2011-03-22T08:57:06.882+01:00 Speed: 231.0 Traffic Conditions: LIGHT Stations: Temple
2021-03-17 23:07:20,376 INFO com.traffic.trafficmonitor.drones.services.TrafficReporterService [Thread-2] [5937] Time: 2011-03-22T08:57:11.375+01:00 Speed: 231.0 Traffic Conditions: MODERATE Stations: Elephant & Castle
2021-03-17 23:07:50,454 INFO com.traffic.trafficmonitor.drones.services.TrafficReporterService [Thread-2] [5937] Time: 2011-03-22T08:57:41.453+01:00 Speed: 231.0 Traffic Conditions: HEAVY Stations: Elephant & Castle
2021-03-17 23:07:55,887 INFO com.traffic.trafficmonitor.drones.services.TrafficReporterService [Thread-3] [6043] Time: 2011-03-22T08:57:46.887+01:00 Speed: 231.0 Traffic Conditions: HEAVY Stations: Temple
2021-03-17 23:08:22,049 INFO com.traffic.trafficmonitor.drones.services.TrafficReporterService [Thread-2] [5937] Time: 2011-03-22T08:58:13.048+01:00 Speed: 231.0 Traffic Conditions: HEAVY Stations: Blackfriars
2021-03-17 23:08:23,972 INFO com.traffic.trafficmonitor.drones.services.TrafficReporterService [Thread-2] [5937] Time: 2011-03-22T08:58:14.972+01:00 Speed: 231.0 Traffic Conditions: LIGHT Stations: Southwark
2021-03-17 23:08:38,803 INFO com.traffic.trafficmonitor.drones.services.TrafficReporterService [Thread-3] [6043] Time: 2011-03-22T08:58:29.803+01:00 Speed: 231.0 Traffic Conditions: MODERATE Stations: Embankment
2021-03-17 23:08:39,846 INFO com.traffic.trafficmonitor.drones.services.TrafficReporterService [Thread-3] [6043] Time: 2011-03-22T08:58:30.846+01:00 Speed: 231.0 Traffic Conditions: LIGHT Stations: Embankment
2021-03-17 23:08:56,184 INFO com.traffic.trafficmonitor.drones.services.TrafficReporterService [Thread-2] [5937] Time: 2011-03-22T08:58:47.184+01:00 Speed: 231.0 Traffic Conditions: HEAVY Stations: Blackfriars
2021-03-17 23:08:57,030 INFO com.traffic.trafficmonitor.drones.services.TrafficReporterService [Thread-3] [6043] Time: 2011-03-22T08:58:48.030+01:00 Speed: 231.0 Traffic Conditions: LIGHT Stations: Westminster
2021-03-17 23:09:08,926 INFO com.traffic.trafficmonitor.drones.services.TrafficReporterService [Thread-2] [5937] Time: 2011-03-22T08:58:59.925+01:00 Speed: 231.0 Traffic Conditions: LIGHT Stations: Elephant & Castle
2021-03-17 23:09:24,550 INFO com.traffic.trafficmonitor.drones.services.TrafficReporterService [Thread-2] [5937] Time: 2011-03-22T08:59:15.549+01:00 Speed: 231.0 Traffic Conditions: LIGHT Stations: Elephant & Castle
2021-03-17 23:09:35,809 INFO com.traffic.trafficmonitor.drones.services.TrafficReporterService [Thread-3] [6043] Time: 2011-03-22T08:59:26.809+01:00 Speed: 231.0 Traffic Conditions: LIGHT Stations: Embankment
2021-03-17 23:09:36,811 INFO com.traffic.trafficmonitor.drones.services.TrafficReporterService [Thread-3] [6043] Time: 2011-03-22T08:59:27.811+01:00 Speed: 231.0 Traffic Conditions: HEAVY Stations: Embankment,Charing Cross
2021-03-17 23:09:54,782 INFO com.traffic.trafficmonitor.drones.services.TrafficReporterService [Thread-2] [5937] Time: 2011-03-22T08:59:45.781+01:00 Speed: 231.0 Traffic Conditions: MODERATE Stations: Southwark
2021-03-17 23:10:05,667 INFO com.traffic.trafficmonitor.drones.services.TrafficReporterService [Thread-2] [5937] Time: 2011-03-22T08:59:56.667+01:00 Speed: 231.0 Traffic Conditions: MODERATE Stations: Elephant & Castle
2021-03-17 23:10:46,145 INFO com.traffic.trafficmonitor.drones.services.TrafficReporterService [Thread-2] [5937] Time: 2011-03-22T09:00:37.145+01:00 Speed: 231.0 Traffic Conditions: LIGHT Stations: Southwark
2021-03-17 23:10:50,114 INFO com.traffic.trafficmonitor.drones.services.TrafficReporterService [Thread-3] [6043] Time: 2011-03-22T09:00:41.114+01:00 Speed: 231.0 Traffic Conditions: MODERATE Stations: Westminster
2021-03-17 23:10:52,093 INFO com.traffic.trafficmonitor.drones.services.TrafficReporterService [Thread-2] [5937] Time: 2011-03-22T09:00:43.093+01:00 Speed: 231.0 Traffic Conditions: HEAVY Stations: Elephant & Castle
2021-03-17 23:10:53,412 INFO com.traffic.trafficmonitor.drones.services.TrafficReporterService [Thread-2] [5937] Time: 2011-03-22T09:00:44.412+01:00 Speed: 231.0 Traffic Conditions: HEAVY Stations: Elephant & Castle
2021-03-17 23:11:33,080 INFO com.traffic.trafficmonitor.drones.services.TrafficReporterService [Thread-2] [5937] Time: 2011-03-22T09:01:24.080+01:00 Speed: 231.0 Traffic Conditions: LIGHT Stations: Southwark
2021-03-17 23:11:37,671 INFO com.traffic.trafficmonitor.drones.services.TrafficReporterService [Thread-2] [5937] Time: 2011-03-22T09:01:28.670+01:00 Speed: 231.0 Traffic Conditions: HEAVY Stations: Elephant & Castle
2021-03-17 23:12:09,038 INFO com.traffic.trafficmonitor.drones.services.TrafficReporterService [Thread-3] [6043] Time: 2011-03-22T09:02:00.038+01:00 Speed: 231.0 Traffic Conditions: HEAVY Stations: Westminster
2021-03-17 23:12:21,585 INFO com.traffic.trafficmonitor.drones.services.TrafficReporterService [Thread-2] [5937] Time: 2011-03-22T09:02:12.585+01:00 Speed: 231.0 Traffic Conditions: MODERATE Stations: Blackfriars
2021-03-17 23:12:57,230 INFO com.traffic.trafficmonitor.drones.services.TrafficReporterService [Thread-3] [6043] Time: 2011-03-22T09:02:48.230+01:00 Speed: 231.0 Traffic Conditions: LIGHT Stations: Westminster
2021-03-17 23:13:38,485 INFO com.traffic.trafficmonitor.drones.services.TrafficReporterService [Thread-2] [5937] Time: 2011-03-22T09:03:29.485+01:00 Speed: 231.0 Traffic Conditions: LIGHT Stations: Southwark
2021-03-17 23:14:04,772 INFO com.traffic.trafficmonitor.drones.services.TrafficReporterService [Thread-3] [6043] Time: 2011-03-22T09:03:55.772+01:00 Speed: 231.0 Traffic Conditions: HEAVY Stations: Temple
2021-03-17 23:14:07,404 INFO com.traffic.trafficmonitor.drones.services.TrafficReporterService [Thread-2] [5937] Time: 2011-03-22T09:03:58.403+01:00 Speed: 231.0 Traffic Conditions: LIGHT Stations: Southwark
2021-03-17 23:14:45,978 INFO com.traffic.trafficmonitor.drones.services.TrafficReporterService [Thread-3] [6043] Time: 2011-03-22T09:04:36.978+01:00 Speed: 231.0 Traffic Conditions: MODERATE Stations: Westminster
2021-03-17 23:15:31,353 INFO com.traffic.trafficmonitor.drones.services.TrafficReporterService [Thread-2] [5937] Time: 2011-03-22T09:05:22.352+01:00 Speed: 231.0 Traffic Conditions: LIGHT Stations: Blackfriars
2021-03-17 23:15:39,182 INFO com.traffic.trafficmonitor.drones.services.TrafficReporterService [Thread-2] [5937] Time: 2011-03-22T09:05:30.182+01:00 Speed: 231.0 Traffic Conditions: HEAVY Stations: Elephant & Castle
2021-03-17 23:15:44,216 INFO com.traffic.trafficmonitor.drones.services.TrafficReporterService [Thread-2] [5937] Time: 2011-03-22T09:05:35.216+01:00 Speed: 231.0 Traffic Conditions: HEAVY Stations: Southwark
2021-03-17 23:15:46,724 INFO com.traffic.trafficmonitor.drones.services.TrafficReporterService [Thread-2] [5937] Time: 2011-03-22T09:05:37.724+01:00 Speed: 231.0 Traffic Conditions: MODERATE Stations: Blackfriars
2021-03-17 23:16:08,824 INFO com.traffic.trafficmonitor.drones.services.TrafficReporterService [Thread-2] [5937] Time: 2011-03-22T09:05:59.824+01:00 Speed: 231.0 Traffic Conditions: HEAVY Stations: Elephant & Castle
